95
  0 0 0 0 0 0 10
! 0.09326425 0.02531646 0.1036269 0.1265823 5 1 10
" 0.1450777 0.01265823 0.1709845 0.06329114 3 0 10
# 0.2020725 0.02531646 0.238342 0.1265823 2 1 10
$ 0.26943 0.01265823 0.3005181 0.1392405 3 0 10
% 0.3264249 0.02531646 0.3678756 0.1265823 2 1 10
& 0.388601 0.02531646 0.4300518 0.1265823 2 1 10
' 0.4663212 0.01265823 0.4766839 0.06329114 5 0 10
( 0.5233161 0.01265823 0.5492228 0.1518987 4 0 10
) 0.5803109 0.01265823 0.6062176 0.1518987 3 0 10
* 0.642487 0.02531646 0.6735751 0.08860759 3 1 10
+ 0.7046632 0.03797468 0.7357513 0.1265823 3 2 10
, 0.7772021 0.08860759 0.7927461 0.1518987 5 6 10
- 0.8290156 0.06329114 0.8601036 0.08860759 3 4 10
. 0.896373 0.08860759 0.9119171 0.1265823 4 6 10
/ 0.9481865 0.01265823 0.9896373 0.1518987 2 0 10
0 0.02072539 0.1898734 0.05181347 0.2911392 3 1 10
1 0.08290155 0.1898734 0.1139896 0.2911392 3 1 10
2 0.1450777 0.1898734 0.1709845 0.2911392 3 1 10
3 0.2072539 0.1898734 0.2331606 0.2911392 3 1 10
4 0.26943 0.1898734 0.3005181 0.2911392 3 1 10
5 0.3316062 0.1898734 0.357513 0.2911392 3 1 10
6 0.3937824 0.1898734 0.4248705 0.2911392 3 1 10
7 0.4559585 0.1898734 0.4870466 0.2911392 3 1 10
8 0.5181347 0.1898734 0.5492228 0.2911392 3 1 10
9 0.5803109 0.1898734 0.6113989 0.2911392 3 1 10
: 0.6476684 0.2025317 0.6632124 0.2911392 4 2 10
; 0.7098446 0.2025317 0.7253886 0.3164557 4 2 10
< 0.7668394 0.2025317 0.7979274 0.2911392 3 2 10
= 0.8238342 0.2151899 0.865285 0.2658228 2 3 10
> 0.8860103 0.2025317 0.9170985 0.2911392 2 2 10
? 0.9533679 0.1898734 0.9844559 0.2911392 3 1 10
@ 0.01554404 0.3544304 0.05699482 0.4556962 2 1 10
A 0.07772021 0.3544304 0.119171 0.4556962 2 1 10
B 0.1450777 0.3544304 0.1761658 0.4556962 3 1 10
C 0.2020725 0.3544304 0.238342 0.4556962 2 1 10
D 0.26943 0.3544304 0.3005181 0.4556962 3 1 10
E 0.3316062 0.3544304 0.3626943 0.4556962 3 1 10
F 0.3937824 0.3544304 0.4248705 0.4556962 3 1 10
G 0.4507772 0.3544304 0.4870466 0.4556962 2 1 10
H 0.5181347 0.3544304 0.5492228 0.4556962 3 1 10
I 0.5803109 0.3544304 0.6113989 0.4556962 3 1 10
J 0.642487 0.3544304 0.6683938 0.4556962 3 1 10
K 0.7046632 0.3544304 0.7357513 0.4556962 3 1 10
L 0.7668394 0.3544304 0.7979274 0.4556962 3 1 10
M 0.8238342 0.3544304 0.8601036 0.4556962 2 1 10
N 0.8911917 0.3544304 0.9222798 0.4556962 3 1 10
O 0.9481865 0.3544304 0.9844559 0.4556962 2 1 10
P 0.02072539 0.5189874 0.05181347 0.6202531 3 1 10
Q 0.07772021 0.5189874 0.119171 0.6455696 2 1 10
R 0.1398964 0.5189874 0.1761658 0.6202531 2 1 10
S 0.2072539 0.5189874 0.238342 0.6202531 3 1 10
T 0.2642487 0.5189874 0.3056995 0.6202531 2 1 10
U 0.3316062 0.5189874 0.3626943 0.6202531 3 1 10
V 0.388601 0.5189874 0.4300518 0.6202531 2 1 10
W 0.4507772 0.5189874 0.492228 0.6202531 2 1 10
X 0.5129533 0.5189874 0.5544041 0.6202531 2 1 10
Y 0.5751295 0.5189874 0.6165803 0.6202531 2 1 10
Z 0.6373057 0.5189874 0.6735751 0.6202531 2 1 10
[ 0.7098446 0.5063291 0.73057 0.6455696 4 0 10
\ 0.761658 0.5063291 0.8031088 0.6455696 2 0 10
] 0.8290156 0.5063291 0.8497409 0.6455696 3 0 10
^ 0.8860103 0.5063291 0.9274611 0.5949367 2 0 10
_ 0.9481865 0.6075949 0.9896373 0.6329114 2 8 10
` 0.03108808 0.6708861 0.04145078 0.6962025 5 0 10
a 0.08290155 0.6962025 0.119171 0.7848101 3 2 10
b 0.1450777 0.6708861 0.1761658 0.7848101 3 0 10
c 0.2072539 0.6962025 0.238342 0.7848101 3 2 10
d 0.26943 0.6708861 0.3005181 0.7848101 3 0 10
e 0.3316062 0.6962025 0.3626943 0.7848101 3 2 10
f 0.3937824 0.6708861 0.4300518 0.7848101 3 0 10
g 0.4559585 0.6962025 0.4870466 0.8101266 3 2 10
h 0.5181347 0.6708861 0.5492228 0.7848101 3 0 10
i 0.5803109 0.6708861 0.6010363 0.7848101 3 0 10
j 0.642487 0.6708861 0.6683938 0.8101266 3 0 10
k 0.7046632 0.6708861 0.7357513 0.7848101 3 0 10
l 0.7668394 0.6708861 0.7875648 0.7848101 3 0 10
m 0.8238342 0.6962025 0.865285 0.7848101 2 2 10
n 0.8911917 0.6962025 0.9222798 0.7848101 3 2 10
o 0.9533679 0.6962025 0.9844559 0.7848101 3 2 10
p 0.02072539 0.8607595 0.05181347 0.9746835 3 2 10
q 0.08290155 0.8607595 0.1139896 0.9746835 3 2 10
r 0.1450777 0.8607595 0.1761658 0.9493671 3 2 10
s 0.2072539 0.8607595 0.2331606 0.9493671 3 2 10
t 0.26943 0.8481013 0.3005181 0.9493671 3 1 10
u 0.3316062 0.8607595 0.3626943 0.9493671 3 2 10
v 0.388601 0.8607595 0.4300518 0.9493671 2 2 10
w 0.4507772 0.8607595 0.492228 0.9493671 2 2 10
x 0.5129533 0.8607595 0.5492228 0.9493671 2 2 10
y 0.5751295 0.8607595 0.6165803 0.9746835 2 2 10
z 0.642487 0.8607595 0.6735751 0.9493671 3 2 10
{ 0.7098446 0.835443 0.7357513 0.9746835 4 0 10
| 0.7772021 0.835443 0.7875648 0.9746835 5 0 10
} 0.8290156 0.835443 0.8549223 0.9746835 3 0 10
~ 0.8860103 0.886076 0.9274611 0.9240506 2 4 10
11
-3 -1
1
_
